<?xml version="1.0" encoding="UTF-8"?>
<testng-results skipped="0" failed="0" total="2" passed="2">
  <reporter-output>
  </reporter-output>
  <suite name="test" duration-ms="5249" started-at="2017-10-31T02:38:31Z" finished-at="2017-10-31T02:38:36Z">
    <groups>
    </groups>
    <test name="login test" duration-ms="5249" started-at="2017-10-31T02:38:31Z" finished-at="2017-10-31T02:38:36Z">
      <class name="test_case.LoginCase">
        <test-method status="PASS" signature="init()[pri:0, instance:test_case.LoginCase@1ef7fe8e]" name="init" is-config="true" duration-ms="3570" started-at="2017-10-31T10:38:31Z" finished-at="2017-10-31T10:38:34Z">
          <reporter-output>
          </reporter-output>
        </test-method> <!-- init -->
        <test-method status="PASS" signature="login001()[pri:0, instance:test_case.LoginCase@1ef7fe8e]" name="login001" duration-ms="246" started-at="2017-10-31T10:38:34Z" finished-at="2017-10-31T10:38:35Z">
          <reporter-output>
          </reporter-output>
        </test-method> <!-- login001 -->
        <test-method status="PASS" signature="tearDown()[pri:0, instance:test_case.LoginCase@1ef7fe8e]" name="tearDown" is-config="true" duration-ms="634" started-at="2017-10-31T10:38:35Z" finished-at="2017-10-31T10:38:35Z">
          <reporter-output>
          </reporter-output>
        </test-method> <!-- tearDown -->
        <test-method status="PASS" signature="login002()[pri:0, instance:test_case.LoginCase@1ef7fe8e]" name="login002" duration-ms="87" started-at="2017-10-31T10:38:35Z" finished-at="2017-10-31T10:38:35Z">
          <reporter-output>
          </reporter-output>
        </test-method> <!-- login002 -->
        <test-method status="PASS" signature="tearDown()[pri:0, instance:test_case.LoginCase@1ef7fe8e]" name="tearDown" is-config="true" duration-ms="700" started-at="2017-10-31T10:38:35Z" finished-at="2017-10-31T10:38:36Z">
          <reporter-output>
          </reporter-output>
        </test-method> <!-- tearDown -->
      </class> <!-- test_case.LoginCase -->
    </test> <!-- login test -->
  </suite> <!-- test -->
</testng-results>
