<?xml version="1.0" encoding="UTF-8"?>
<testng-results skipped="0" failed="0" total="2" passed="2">
  <reporter-output>
  </reporter-output>
  <suite name="test" duration-ms="19835" started-at="2017-10-16T10:28:28Z" finished-at="2017-10-16T10:28:48Z">
    <groups>
    </groups>
    <test name="login test" duration-ms="19835" started-at="2017-10-16T10:28:28Z" finished-at="2017-10-16T10:28:48Z">
      <class name="test.NewTest">
        <test-method status="PASS" signature="setup()[pri:0, instance:test.NewTest@1ef7fe8e]" name="setup" is-config="true" duration-ms="3533" started-at="2017-10-16T18:28:28Z" finished-at="2017-10-16T18:28:32Z">
          <reporter-output>
          </reporter-output>
        </test-method> <!-- setup -->
        <test-method status="PASS" signature="login001()[pri:0, instance:test.NewTest@1ef7fe8e]" name="login001" duration-ms="7770" started-at="2017-10-16T18:28:32Z" finished-at="2017-10-16T18:28:39Z">
          <reporter-output>
          </reporter-output>
        </test-method> <!-- login001 -->
        <test-method status="PASS" signature="teardown()[pri:0, instance:test.NewTest@1ef7fe8e]" name="teardown" is-config="true" duration-ms="186" started-at="2017-10-16T18:28:39Z" finished-at="2017-10-16T18:28:40Z">
          <reporter-output>
          </reporter-output>
        </test-method> <!-- teardown -->
        <test-method status="PASS" signature="setup()[pri:0, instance:test.NewTest@1ef7fe8e]" name="setup" is-config="true" duration-ms="2518" started-at="2017-10-16T18:28:40Z" finished-at="2017-10-16T18:28:42Z">
          <reporter-output>
          </reporter-output>
        </test-method> <!-- setup -->
        <test-method status="PASS" signature="login002()[pri:0, instance:test.NewTest@1ef7fe8e]" name="login002" duration-ms="5644" started-at="2017-10-16T18:28:42Z" finished-at="2017-10-16T18:28:48Z">
          <reporter-output>
          </reporter-output>
        </test-method> <!-- login002 -->
        <test-method status="PASS" signature="teardown()[pri:0, instance:test.NewTest@1ef7fe8e]" name="teardown" is-config="true" duration-ms="165" started-at="2017-10-16T18:28:48Z" finished-at="2017-10-16T18:28:48Z">
          <reporter-output>
          </reporter-output>
        </test-method> <!-- teardown -->
      </class> <!-- test.NewTest -->
    </test> <!-- login test -->
  </suite> <!-- test -->
</testng-results>
